<?xml version="1.0" encoding="UTF-8"?>
<testsuite name="com.namu.calculator.Parenthesis" tests="3" skipped="0" failures="0" errors="0" timestamp="2020-06-24T10:36:38" hostname="MacBook-Pro" time="0.001">
  <properties/>
  <testcase name="괄호를_우선_처리하고_제곱_연산을_처리하여야_합니다" classname="com.namu.calculator.Parenthesis" time="0.0"/>
  <testcase name="괄호를_2개를_우선_처리하고_곱셈_연산을_처리하여야_합니다" classname="com.namu.calculator.Parenthesis" time="0.001"/>
  <testcase name="괄호를_우선_처리하고_곱셈_연산을_처리하여야_합니다" classname="com.namu.calculator.Parenthesis" time="0.0"/>
  <system-out><![CDATA[NStack{size=50, sp=4, array=[3, 2, +, 2, ^]}
NStack{size=50, sp=6, array=[3, 2, +, 2, 7, +, *]}
NStack{size=50, sp=4, array=[3, 2, +, 2, *]}
]]></system-out>
  <system-err><![CDATA[]]></system-err>
</testsuite>
